<?xml version="1.0" encoding="UTF-8"?>
<robot generator="Robot 7.0 (Python 3.12.1 on win32)" generated="2024-03-01T12:15:57.358485" rpa="false" schemaversion="5">
<suite id="s1" name="Online" source="C:\Users\BEMPKE\Desktop\Bruno\QAx\projects\mark85-robot-express\online.robot">
<test id="s1-t1" name="Web App deve estar online" line="7">
<kw name="New Browser" owner="Browser">
<msg time="2024-03-01T12:15:59.778629" level="INFO">{"browser": "chromium", "headless": false, "chromiumSandbox": false, "devtools": false, "handleSIGHUP": true, "handleSIGINT": true, "handleSIGTERM": true, "slowMo": 0.0, "timeout": 30000.0, "tracesDir": "C:\\Users\\BEMPKE\\Desktop\\Bruno\\QAx\\projects\\mark85-robot-express\\logs\\browser\\traces\\130264c7-bfef-48ee-a2b4-2d88d7fbe331"}</msg>
<msg time="2024-03-01T12:16:02.500153" level="INFO">Successfully created browser with options: {"browser":"chromium","headless":false,"chromiumSandbox":false,"devtools":false,"handleSIGHUP":true,"handleSIGINT":true,"handleSIGTERM":true,"slowMo":0,"timeout":30000,"tracesDir":"C:\\Users\\BEMPKE\\Desktop\\Bruno\\QAx\\projects\\mark85-robot-express\\logs\\browser\\traces\\130264c7-bfef-48ee-a2b4-2d88d7fbe331"}</msg>
<arg>browser=chromium</arg>
<arg>headless=False</arg>
<tag>BrowserControl</tag>
<tag>Setter</tag>
<doc>Create a new playwright Browser with specified options.</doc>
<status status="PASS" start="2024-03-01T12:15:59.777591" elapsed="2.722562"/>
</kw>
<kw name="New Page" owner="Browser">
<msg time="2024-03-01T12:16:04.632586" level="INFO">Successfully initialized new page object and opened url: http://localhost:3000</msg>
<msg time="2024-03-01T12:16:04.632586" level="INFO">No context was open. New context was automatically opened when this page is created.</msg>
<arg>http://localhost:3000</arg>
<tag>BrowserControl</tag>
<tag>Setter</tag>
<doc>Open a new Page.</doc>
<status status="PASS" start="2024-03-01T12:16:02.505148" elapsed="2.128432"/>
</kw>
<kw name="Get Title" owner="Browser">
<msg time="2024-03-01T12:16:04.666152" level="INFO">Title: 'Mark85 by QAx'</msg>
<arg>equal</arg>
<arg>Mark85 by QAx</arg>
<tag>Assertion</tag>
<tag>Getter</tag>
<tag>PageContent</tag>
<doc>Returns the title of the current page.</doc>
<status status="PASS" start="2024-03-01T12:16:04.633580" elapsed="0.033568"/>
</kw>
<kw name="Sleep" owner="BuiltIn">
<msg time="2024-03-01T12:16:14.668681" level="INFO">Slept 10 seconds.</msg>
<arg>10</arg>
<doc>Pauses the test executed for the given time.</doc>
<status status="PASS" start="2024-03-01T12:16:04.667148" elapsed="10.001533"/>
</kw>
<status status="PASS" start="2024-03-01T12:15:59.771611" elapsed="14.897070"/>
</test>
<doc>Online</doc>
<status status="PASS" start="2024-03-01T12:15:57.363481" elapsed="17.436554"/>
</suite>
<statistics>
<total>
<stat pass="1" fail="0" skip="0">All Tests</stat>
</total>
<tag>
</tag>
<suite>
<stat pass="1" fail="0" skip="0" id="s1" name="Online">Online</stat>
</suite>
</statistics>
<errors>
</errors>
</robot>
